<?xml version="1.0" encoding="UTF-8"?>
<testng-results ignored="0" total="1" passed="1" failed="0" skipped="0">
  <reporter-output>
  </reporter-output>
  <suite started-at="2021-09-26T10:03:38 IST" name="Default suite" finished-at="2021-09-26T10:03:51 IST" duration-ms="12557">
    <groups>
    </groups>
    <test started-at="2021-09-26T10:03:38 IST" name="Default test" finished-at="2021-09-26T10:03:51 IST" duration-ms="12557">
      <class name="SeleniumFramework.SeleniumPOM.HomePageTestCases">
        <test-method signature="login()[pri:0, instance:SeleniumFramework.SeleniumPOM.HomePageTestCases@693fe6c9]" started-at="2021-09-26T10:03:38 IST" name="login" finished-at="2021-09-26T10:03:51 IST" duration-ms="12514" status="PASS">
          <reporter-output>
          </reporter-output>
        </test-method> <!-- login -->
      </class> <!-- SeleniumFramework.SeleniumPOM.HomePageTestCases -->
    </test> <!-- Default test -->
  </suite> <!-- Default suite -->
</testng-results>
