<?xml version="1.0" encoding="UTF-8"?>
<testng-results ignored="0" total="2" passed="2" failed="0" skipped="0">
  <reporter-output>
  </reporter-output>
  <suite started-at="2021-09-30T21:27:19 IST" name="Default suite" finished-at="2021-09-30T21:27:46 IST" duration-ms="26841">
    <groups>
    </groups>
    <test started-at="2021-09-30T21:27:19 IST" name="Default test" finished-at="2021-09-30T21:27:46 IST" duration-ms="26841">
      <class name="SeleniumFramework.SeleniumPOM.TestCase_001">
        <test-method is-config="true" signature="initialize()[pri:0, instance:SeleniumFramework.SeleniumPOM.TestCase_001@41925502]" started-at="2021-09-30T21:27:19 IST" name="initialize" finished-at="2021-09-30T21:27:23 IST" duration-ms="3314" status="PASS">
          <reporter-output>
          </reporter-output>
        </test-method> <!-- initialize -->
        <test-method signature="login(java.lang.String,java.lang.String)[pri:0, instance:SeleniumFramework.SeleniumPOM.TestCase_001@41925502]" started-at="2021-09-30T21:27:23 IST" name="login" data-provider="getData" finished-at="2021-09-30T21:27:32 IST" duration-ms="9360" status="PASS">
          <params>
            <param index="0">
              <value>
                <![CDATA[DummyAccount@gmail.com]]>
              </value>
            </param>
            <param index="1">
              <value>
                <![CDATA[Test@123]]>
              </value>
            </param>
          </params>
          <reporter-output>
          </reporter-output>
        </test-method> <!-- login -->
        <test-method is-config="true" signature="tearDown()[pri:0, instance:SeleniumFramework.SeleniumPOM.TestCase_001@41925502]" started-at="2021-09-30T21:27:32 IST" name="tearDown" finished-at="2021-09-30T21:27:33 IST" duration-ms="703" status="PASS">
          <reporter-output>
          </reporter-output>
        </test-method> <!-- tearDown -->
        <test-method is-config="true" signature="initialize()[pri:0, instance:SeleniumFramework.SeleniumPOM.TestCase_001@41925502]" started-at="2021-09-30T21:27:33 IST" name="initialize" finished-at="2021-09-30T21:27:36 IST" duration-ms="3380" status="PASS">
          <reporter-output>
          </reporter-output>
        </test-method> <!-- initialize -->
        <test-method signature="login(java.lang.String,java.lang.String)[pri:0, instance:SeleniumFramework.SeleniumPOM.TestCase_001@41925502]" started-at="2021-09-30T21:27:36 IST" name="login" data-provider="getData" finished-at="2021-09-30T21:27:45 IST" duration-ms="9345" status="PASS">
          <params>
            <param index="0">
              <value>
                <![CDATA[2ndDummyAccount@gmail.com]]>
              </value>
            </param>
            <param index="1">
              <value>
                <![CDATA[Test@123]]>
              </value>
            </param>
          </params>
          <reporter-output>
          </reporter-output>
        </test-method> <!-- login -->
        <test-method is-config="true" signature="tearDown()[pri:0, instance:SeleniumFramework.SeleniumPOM.TestCase_001@41925502]" started-at="2021-09-30T21:27:45 IST" name="tearDown" finished-at="2021-09-30T21:27:46 IST" duration-ms="694" status="PASS">
          <reporter-output>
          </reporter-output>
        </test-method> <!-- tearDown -->
      </class> <!-- SeleniumFramework.SeleniumPOM.TestCase_001 -->
    </test> <!-- Default test -->
  </suite> <!-- Default suite -->
</testng-results>
